[0m[[0mdebug[0m] [0mRunning TaskDef(com.knol.core.Impl.KnolManageDaoImplTest, org.scalatest.tools.Framework$$anon$1@73139e13, false, [SuiteSelector])[0m
[0m[[0mdebug[0m] [0mRunning TaskDef(com.knol.core.Impl.KnolderDaoImplTest, org.scalatest.tools.Framework$$anon$1@73139e13, false, [SuiteSelector])[0m
[0m[[0mdebug[0m] [0mRunning TaskDef(com.knol.core.Impl.KnolderSessionDaoImplTest, org.scalatest.tools.Framework$$anon$1@73139e13, false, [SuiteSelector])[0m
[0m[[0minfo[0m] [0m[36mRun completed in 7 seconds, 831 milliseconds.[0m[0m
[0m[[0minfo[0m] [0m[36mTotal number of tests run: 18[0m[0m
[0m[[0minfo[0m] [0m[36mSuites: completed 3, aborted 0[0m[0m
[0m[[0minfo[0m] [0m[36mTests: succeeded 17, failed 1, canceled 0, ignored 0, pending 0[0m[0m
[0m[[0minfo[0m] [0m[31m*** 1 TEST FAILED ***[0m[0m
[0m[[0mdebug[0m] [0mPassed tests:[0m
[0m[[0mdebug[0m] [0m	com.knol.core.Impl.KnolderSessionDaoImplTest[0m
[0m[[0mdebug[0m] [0m	com.knol.core.Impl.KnolderDaoImplTest[0m
[0m[[31merror[0m] [0mFailed tests:[0m
[0m[[31merror[0m] [0m	com.knol.core.Impl.KnolManageDaoImplTest[0m
[0m[[31merror[0m] [0m(test:[31mtest[0m) sbt.TestsFailedException: Tests unsuccessful[0m
