<?xml version="1.0"?>
<!DOCTYPE coverage SYSTEM "http://cobertura.sourceforge.net/xml/coverage-04.dtd">
<coverage line-rate="0.93" lines-covered="169" lines-valid="158" branches-covered="14" branches-valid="13" branch-rate="0.93" complexity="0" version="1.0" timestamp="1423480408155">
      <sources>
        <source>/src/main/scala</source>
      </sources>
      <packages>
        <package name="com.knol.core.impl" line-rate="0.93" branch-rate="0.92" complexity="0">
      <classes>
        <class name="KnolderSessionDaoImpl" filename="src/main/scala/com/knol/core/impl/KnolderSessionDaoImpl.scala" line-rate="0.94" branch-rate="1.00" complexity="0">
      <methods>
        <method name="com.knol.core.impl/KnolderSessionDaoImpl/update" signature="()V" line-rate="0.95" branch-rate="1.00">
      <lines>
        <line number="109" hits="1" branch="false"/><line number="112" hits="1" branch="false"/><line number="109" hits="1" branch="false"/><line number="114" hits="1" branch="false"/><line number="104" hits="1" branch="false"/><line number="109" hits="1" branch="false"/><line number="105" hits="1" branch="false"/><line number="111" hits="1" branch="false"/><line number="109" hits="1" branch="false"/><line number="113" hits="1" branch="false"/><line number="113" hits="1" branch="false"/><line number="109" hits="1" branch="false"/><line number="117" hits="0" branch="false"/><line number="109" hits="1" branch="false"/><line number="110" hits="1" branch="false"/><line number="123" hits="1" branch="false"/><line number="103" hits="1" branch="false"/><line number="122" hits="1" branch="false"/><line number="109" hits="1" branch="false"/>
      </lines>
    </method><method name="com.knol.core.impl/KnolderSessionDaoImpl/insert" signature="()V" line-rate="0.93" branch-rate="1.00">
      <lines>
        <line number="28" hits="1" branch="false"/><line number="38" hits="1" branch="false"/><line number="31" hits="1" branch="false"/><line number="41" hits="0" branch="false"/><line number="34" hits="1" branch="false"/><line number="27" hits="1" branch="false"/><line number="24" hits="1" branch="false"/><line number="30" hits="1" branch="false"/><line number="39" hits="1" branch="false"/><line number="33" hits="1" branch="false"/><line number="32" hits="1" branch="false"/><line number="23" hits="1" branch="false"/><line number="34" hits="1" branch="false"/><line number="29" hits="1" branch="false"/><line number="38" hits="1" branch="false"/>
      </lines>
    </method><method name="com.knol.core.impl/KnolderSessionDaoImpl/selectById" signature="()V" line-rate="0.94" branch-rate="1.00">
      <lines>
        <line number="76" hits="1" branch="false"/><line number="87" hits="1" branch="false"/><line number="90" hits="0" branch="false"/><line number="83" hits="1" branch="false"/><line number="96" hits="1" branch="false"/><line number="86" hits="1" branch="false"/><line number="85" hits="1" branch="false"/><line number="95" hits="1" branch="false"/><line number="87" hits="1" branch="false"/><line number="88" hits="1" branch="false"/><line number="82" hits="1" branch="false"/><line number="87" hits="1" branch="false"/><line number="78" hits="1" branch="false"/><line number="77" hits="1" branch="false"/><line number="84" hits="1" branch="false"/><line number="87" hits="1" branch="false"/>
      </lines>
    </method><method name="com.knol.core.impl/KnolderSessionDaoImpl/delete" signature="()V" line-rate="0.93" branch-rate="1.00">
      <lines>
        <line number="56" hits="1" branch="false"/><line number="57" hits="1" branch="false"/><line number="61" hits="1" branch="false"/><line number="53" hits="1" branch="false"/><line number="48" hits="1" branch="false"/><line number="52" hits="1" branch="false"/><line number="66" hits="0" branch="false"/><line number="55" hits="1" branch="false"/><line number="57" hits="1" branch="false"/><line number="47" hits="1" branch="false"/><line number="58" hits="1" branch="false"/><line number="54" hits="1" branch="false"/><line number="62" hits="1" branch="false"/><line number="56" hits="1" branch="false"/>
      </lines>
    </method>
      </methods>
      <lines>
        <line number="109" hits="1" branch="false"/><line number="112" hits="1" branch="false"/><line number="28" hits="1" branch="false"/><line number="38" hits="1" branch="false"/><line number="56" hits="1" branch="false"/><line number="76" hits="1" branch="false"/><line number="87" hits="1" branch="false"/><line number="31" hits="1" branch="false"/><line number="41" hits="0" branch="false"/><line number="90" hits="0" branch="false"/><line number="83" hits="1" branch="false"/><line number="109" hits="1" branch="false"/><line number="57" hits="1" branch="false"/><line number="114" hits="1" branch="false"/><line number="96" hits="1" branch="false"/><line number="86" hits="1" branch="false"/><line number="61" hits="1" branch="false"/><line number="34" hits="1" branch="false"/><line number="53" hits="1" branch="false"/><line number="104" hits="1" branch="false"/><line number="109" hits="1" branch="false"/><line number="85" hits="1" branch="false"/><line number="95" hits="1" branch="false"/><line number="48" hits="1" branch="false"/><line number="52" hits="1" branch="false"/><line number="87" hits="1" branch="false"/><line number="66" hits="0" branch="false"/><line number="105" hits="1" branch="false"/><line number="27" hits="1" branch="false"/><line number="55" hits="1" branch="false"/><line number="24" hits="1" branch="false"/><line number="111" hits="1" branch="false"/><line number="30" hits="1" branch="false"/><line number="109" hits="1" branch="false"/><line number="88" hits="1" branch="false"/><line number="113" hits="1" branch="false"/><line number="82" hits="1" branch="false"/><line number="39" hits="1" branch="false"/><line number="57" hits="1" branch="false"/><line number="33" hits="1" branch="false"/><line number="113" hits="1" branch="false"/><line number="87" hits="1" branch="false"/><line number="109" hits="1" branch="false"/><line number="78" hits="1" branch="false"/><line number="32" hits="1" branch="false"/><line number="77" hits="1" branch="false"/><line number="117" hits="0" branch="false"/><line number="109" hits="1" branch="false"/><line number="47" hits="1" branch="false"/><line number="58" hits="1" branch="false"/><line number="84" hits="1" branch="false"/><line number="23" hits="1" branch="false"/><line number="34" hits="1" branch="false"/><line number="110" hits="1" branch="false"/><line number="87" hits="1" branch="false"/><line number="123" hits="1" branch="false"/><line number="54" hits="1" branch="false"/><line number="103" hits="1" branch="false"/><line number="62" hits="1" branch="false"/><line number="29" hits="1" branch="false"/><line number="38" hits="1" branch="false"/><line number="56" hits="1" branch="false"/><line number="122" hits="1" branch="false"/><line number="109" hits="1" branch="false"/>
      </lines>
    </class><class name="KnolManageDaoImpl" filename="src/main/scala/com/knol/core/impl/KnolManageDaoImpl.scala" line-rate="0.92" branch-rate="0.80" complexity="0">
      <methods>
        <method name="com.knol.core.impl/KnolManageDaoImpl/ShowAll" signature="()V" line-rate="0.92" branch-rate="0.80">
      <lines>
        <line number="37" hits="1" branch="false"/><line number="39" hits="1" branch="false"/><line number="34" hits="0" branch="false"/><line number="39" hits="1" branch="false"/><line number="37" hits="1" branch="false"/><line number="25" hits="1" branch="false"/><line number="32" hits="1" branch="false"/><line number="39" hits="1" branch="false"/><line number="39" hits="1" branch="false"/><line number="31" hits="1" branch="false"/><line number="37" hits="1" branch="false"/><line number="39" hits="1" branch="false"/><line number="34" hits="0" branch="false"/><line number="26" hits="1" branch="false"/><line number="37" hits="1" branch="false"/><line number="23" hits="1" branch="false"/><line number="40" hits="1" branch="false"/><line number="39" hits="1" branch="false"/><line number="36" hits="1" branch="false"/><line number="37" hits="1" branch="false"/><line number="27" hits="1" branch="false"/><line number="39" hits="1" branch="false"/><line number="39" hits="1" branch="false"/><line number="35" hits="1" branch="false"/><line number="33" hits="1" branch="false"/>
      </lines>
    </method>
      </methods>
      <lines>
        <line number="37" hits="1" branch="false"/><line number="39" hits="1" branch="false"/><line number="34" hits="0" branch="false"/><line number="39" hits="1" branch="false"/><line number="37" hits="1" branch="false"/><line number="25" hits="1" branch="false"/><line number="32" hits="1" branch="false"/><line number="39" hits="1" branch="false"/><line number="39" hits="1" branch="false"/><line number="31" hits="1" branch="false"/><line number="37" hits="1" branch="false"/><line number="39" hits="1" branch="false"/><line number="34" hits="0" branch="false"/><line number="26" hits="1" branch="false"/><line number="37" hits="1" branch="false"/><line number="23" hits="1" branch="false"/><line number="40" hits="1" branch="false"/><line number="39" hits="1" branch="false"/><line number="36" hits="1" branch="false"/><line number="37" hits="1" branch="false"/><line number="27" hits="1" branch="false"/><line number="39" hits="1" branch="false"/><line number="39" hits="1" branch="false"/><line number="35" hits="1" branch="false"/><line number="33" hits="1" branch="false"/>
      </lines>
    </class><class name="KnolderDaoImpl" filename="src/main/scala/com/knol/core/impl/KnolderDaoImpl.scala" line-rate="0.94" branch-rate="1.00" complexity="0">
      <methods>
        <method name="com.knol.core.impl/KnolderDaoImpl/delete" signature="()V" line-rate="0.93" branch-rate="1.00">
      <lines>
        <line number="72" hits="1" branch="false"/><line number="68" hits="1" branch="false"/><line number="86" hits="0" branch="false"/><line number="75" hits="1" branch="false"/><line number="77" hits="1" branch="false"/><line number="76" hits="1" branch="false"/><line number="78" hits="1" branch="false"/><line number="67" hits="1" branch="false"/><line number="82" hits="1" branch="false"/><line number="74" hits="1" branch="false"/><line number="76" hits="1" branch="false"/><line number="77" hits="1" branch="false"/><line number="73" hits="1" branch="false"/><line number="81" hits="1" branch="false"/>
      </lines>
    </method><method name="com.knol.core.impl/KnolderDaoImpl/selectById" signature="()V" line-rate="0.94" branch-rate="1.00">
      <lines>
        <line number="104" hits="1" branch="false"/><line number="114" hits="1" branch="false"/><line number="106" hits="1" branch="false"/><line number="101" hits="1" branch="false"/><line number="107" hits="1" branch="false"/><line number="97" hits="1" branch="false"/><line number="106" hits="1" branch="false"/><line number="103" hits="1" branch="false"/><line number="96" hits="1" branch="false"/><line number="106" hits="1" branch="false"/><line number="105" hits="1" branch="false"/><line number="115" hits="1" branch="false"/><line number="106" hits="1" branch="false"/><line number="95" hits="1" branch="false"/><line number="102" hits="1" branch="false"/><line number="109" hits="0" branch="false"/>
      </lines>
    </method><method name="com.knol.core.impl/KnolderDaoImpl/update" signature="()V" line-rate="0.95" branch-rate="1.00">
      <lines>
        <line number="136" hits="1" branch="false"/><line number="133" hits="1" branch="false"/><line number="139" hits="0" branch="false"/><line number="145" hits="1" branch="false"/><line number="133" hits="1" branch="false"/><line number="129" hits="1" branch="false"/><line number="133" hits="1" branch="false"/><line number="135" hits="1" branch="false"/><line number="133" hits="1" branch="false"/><line number="137" hits="1" branch="false"/><line number="133" hits="1" branch="false"/><line number="133" hits="1" branch="false"/><line number="144" hits="1" branch="false"/><line number="127" hits="1" branch="false"/><line number="128" hits="1" branch="false"/><line number="133" hits="1" branch="false"/><line number="134" hits="1" branch="false"/><line number="133" hits="1" branch="false"/><line number="136" hits="1" branch="false"/><line number="133" hits="1" branch="false"/>
      </lines>
    </method><method name="com.knol.core.impl/KnolderDaoImpl/insert" signature="()V" line-rate="0.93" branch-rate="1.00">
      <lines>
        <line number="48" hits="1" branch="false"/><line number="50" hits="1" branch="false"/><line number="39" hits="1" branch="false"/><line number="45" hits="1" branch="false"/><line number="55" hits="1" branch="false"/><line number="47" hits="1" branch="false"/><line number="50" hits="1" branch="false"/><line number="54" hits="1" branch="false"/><line number="44" hits="1" branch="false"/><line number="40" hits="1" branch="false"/><line number="43" hits="1" branch="false"/><line number="46" hits="1" branch="false"/><line number="57" hits="0" branch="false"/><line number="49" hits="1" branch="false"/>
      </lines>
    </method>
      </methods>
      <lines>
        <line number="136" hits="1" branch="false"/><line number="133" hits="1" branch="false"/><line number="139" hits="0" branch="false"/><line number="72" hits="1" branch="false"/><line number="104" hits="1" branch="false"/><line number="114" hits="1" branch="false"/><line number="68" hits="1" branch="false"/><line number="48" hits="1" branch="false"/><line number="106" hits="1" branch="false"/><line number="86" hits="0" branch="false"/><line number="50" hits="1" branch="false"/><line number="75" hits="1" branch="false"/><line number="39" hits="1" branch="false"/><line number="145" hits="1" branch="false"/><line number="133" hits="1" branch="false"/><line number="129" hits="1" branch="false"/><line number="133" hits="1" branch="false"/><line number="101" hits="1" branch="false"/><line number="45" hits="1" branch="false"/><line number="55" hits="1" branch="false"/><line number="77" hits="1" branch="false"/><line number="107" hits="1" branch="false"/><line number="76" hits="1" branch="false"/><line number="135" hits="1" branch="false"/><line number="97" hits="1" branch="false"/><line number="106" hits="1" branch="false"/><line number="133" hits="1" branch="false"/><line number="103" hits="1" branch="false"/><line number="96" hits="1" branch="false"/><line number="137" hits="1" branch="false"/><line number="78" hits="1" branch="false"/><line number="67" hits="1" branch="false"/><line number="47" hits="1" branch="false"/><line number="133" hits="1" branch="false"/><line number="133" hits="1" branch="false"/><line number="144" hits="1" branch="false"/><line number="127" hits="1" branch="false"/><line number="82" hits="1" branch="false"/><line number="74" hits="1" branch="false"/><line number="50" hits="1" branch="false"/><line number="106" hits="1" branch="false"/><line number="54" hits="1" branch="false"/><line number="44" hits="1" branch="false"/><line number="105" hits="1" branch="false"/><line number="128" hits="1" branch="false"/><line number="133" hits="1" branch="false"/><line number="115" hits="1" branch="false"/><line number="106" hits="1" branch="false"/><line number="95" hits="1" branch="false"/><line number="76" hits="1" branch="false"/><line number="134" hits="1" branch="false"/><line number="133" hits="1" branch="false"/><line number="40" hits="1" branch="false"/><line number="43" hits="1" branch="false"/><line number="102" hits="1" branch="false"/><line number="77" hits="1" branch="false"/><line number="136" hits="1" branch="false"/><line number="133" hits="1" branch="false"/><line number="46" hits="1" branch="false"/><line number="57" hits="0" branch="false"/><line number="109" hits="0" branch="false"/><line number="73" hits="1" branch="false"/><line number="81" hits="1" branch="false"/><line number="49" hits="1" branch="false"/>
      </lines>
    </class>
      </classes>
    </package><package name="com.knol.db.connection" line-rate="0.94" branch-rate="1.00" complexity="0">
      <classes>
        <class name="DBConnectionImpl" filename="src/main/scala/com/knol/db/connection/DBConnectionImpl.scala" line-rate="0.90" branch-rate="1.00" complexity="0">
      <methods>
        <method name="com.knol.db.connection/DBConnectionImpl/getConnection" signature="()V" line-rate="0.90" branch-rate="1.00">
      <lines>
        <line number="17" hits="1" branch="false"/><line number="20" hits="1" branch="false"/><line number="19" hits="1" branch="false"/><line number="22" hits="0" branch="false"/><line number="12" hits="1" branch="false"/><line number="16" hits="1" branch="false"/><line number="18" hits="1" branch="false"/><line number="13" hits="1" branch="false"/><line number="15" hits="1" branch="false"/><line number="14" hits="1" branch="false"/>
      </lines>
    </method>
      </methods>
      <lines>
        <line number="17" hits="1" branch="false"/><line number="20" hits="1" branch="false"/><line number="19" hits="1" branch="false"/><line number="22" hits="0" branch="false"/><line number="12" hits="1" branch="false"/><line number="16" hits="1" branch="false"/><line number="18" hits="1" branch="false"/><line number="13" hits="1" branch="false"/><line number="15" hits="1" branch="false"/><line number="14" hits="1" branch="false"/>
      </lines>
    </class><class name="DBConnection" filename="src/main/scala/com/knol/db/connection/DBConnection.scala" line-rate="1.00" branch-rate="1.00" complexity="0">
      <methods>
        <method name="com.knol.db.connection/DBConnection/&lt;none&gt;" signature="()V" line-rate="1.00" branch-rate="1.00">
      <lines>
        <line number="12" hits="1" branch="false"/><line number="15" hits="1" branch="false"/><line number="12" hits="1" branch="false"/><line number="14" hits="1" branch="false"/><line number="13" hits="1" branch="false"/><line number="16" hits="1" branch="false"/>
      </lines>
    </method>
      </methods>
      <lines>
        <line number="12" hits="1" branch="false"/><line number="15" hits="1" branch="false"/><line number="12" hits="1" branch="false"/><line number="14" hits="1" branch="false"/><line number="13" hits="1" branch="false"/><line number="16" hits="1" branch="false"/>
      </lines>
    </class>
      </classes>
    </package>
      </packages>
    </coverage>